750
1
988 929
995 534
801 753
566 422
993 957
973 796
932 662
981 817
934 185
937 438
414 405
980 20
720 582
960 215
858 620
881 394
617 27
198 55
740 615
945 701
982 383
789 355
996 481
458 199
965 901
385 246
769 553
643 577
894 735
705 664
795 586
866 622
947 808
956 108
949 840
470 447
765 415
818 774
825 697
715 612
990 143
846 763
871 157
837 630
834 204
883 262
758 661
424 155
977 943
410 365
835 578
816 579
912 760
991 670
137 93
862 30
897 474
968 487
856 847
528 263
814 52
494 469
984 737
407 150
911 824
716 513
958 800
853 633
726 681
952 243
928 806
653 350
885 657
915 770
409 182
882 236
918 102
930 781
927 903
868 710
675 572
841 703
744 609
832 580
751 563
517 413
946 484
573 224
873 813
382 359
876 133
564 345
529 482
872 759
797 372
171 153
794 344
388 105
581 234
395 59
961 490
805 686
392 386
455 432
695 545
941 339
861 461
637 71
401 256
833 511
465 452
289 285
67 58
244 31
619 408
492 478
898 518
66 8
838 666
624 496
603 290
524 195
571 161
271 231
665 636
259 146
341 335
721 475
583 115
899
454 44
788 288
974 94
967 200
417 72
273 138
632 330
879 175
953 129
762 418
916 891
188 183
544 501
752 80
659 162
979 749
884 51
892 562
717 521
625 249
783 318
828 601
711 700
698 227
503 151
940 857
522 321
464 214
595 10
373 310
920 810
919 782
793 651
910 709
999 266
618 128
731 684
773 631
714 685
909 696
674 147
437 371
904 676
552 46
985 608
660 375
402 172
628 226
428 295
96 88
668 589
116 6
689 327
543 304
152 124
750 683
558 548
512 399
634 590
537 376
403 134
525 117
699 101
542 163
635 471
118 12
585 291
600 242
527 252
599 568
443 368
495 336
331 248
459 337
434 0
366 173
307 257
798 598
449 445
269 190
510 384
535 498
673 444
237 26
607 168
363 338
547 15
587 324
306 160
468
123 49
426 47
419 36
250 221
297 76
305
476 131
280 206
264 99
550
165 95
839
169 82
466 40
398 91
343 238
421
427 156
114 97
390 353
218 119
253 18
322 68
126 32
975
85 84
588
997
998
761
479
144 65
223 64
180 86
942
728
925
211
905
191 79
279
207 2
658
955
219
924
889
966
983
645
652
5
939
526
971
616
755
184
959
627
723
270 130
902 54
962
802
831
559
887
812
777
209
994
193
970
575
38
69 57
820
109
654
865
669
963
779
48
964
605
867
767
260
104 61
364
743
648
702
888
706
896
936
803
886
746
913
638
325
644
309
536
567
596
485
921
821
972
329
504
732
565
951
742
533
275
850
969
509
557
799
453
875
935
992
641
978
722
926
754
300
827
864
869
514
222
480
852
878
829
880
922
729
900
804
877
532
499
954
986
987
272
561
647
500
906
775
22
555
944
923
556
989
933
356
334
506
730
736
488
301
914
826
493
890
874
460
823
844
948
348
611
741
950
908
712
845
623
502
830
594
241
53 37
860
83
855
255
247
917
976
815
467
228
677
435
268
516
265
70
456
28
604
713
870
663
907
725
472
313
531
848
381
836
277
778
361
680
771
560
576
229
768
145
863
849
859
393
328
671
776
745
451
406
539
508
574
807
747
678
718
254
196
436
584
412
785
554
938
694
854
679
819
791
757
809
672
786
851
843
822
756
423
111
764
570
704
174
462
707
738
606
13
790
842
727
613
719
440
724
201
121
610
646
784
766
549
629
626
893
347
98
140
569
895
787
792
931
73
780
396
811
78
286
103
439
772
733
667
691
486
690
389
649
734
404
546
203
21
597
739
692
267
457
463
693
656
688
258
491
411
148
245
210
477
446
89
650
602
25
687
429
614
176
591
450
81
441
442
420
299
367
302
505
63
497
230
515
358
233
640
538
642
530
621
520
391
19
298
216
400
748
433
41
507
430
387
332
416
655
425
377
592
540
483
154
370
159
378
346
314
90
682
448
113
287
708
374
349
397
360
473
639
136
315
212
225
179
194
181
431
14
112
369
296
166
551
541
519
235
352
357
351
139
593
320
333
319
311
326
283
523 158
164
87
281
292
213
197
60
9
239
202
189
316
284
342
362
178
192
34
232
317
149
282
303
379
489
323
135
208
251
312
177
380
354
340
187
217
127
278
308
294
276
186
125
24
100
74
293
261
274
62
167
4
75
142
240
220
106
50
141
122
43
110
205
92
170
35
132
7
17
3
16
120
107
77
56
45
11
42
39
29
33
23
